<?xml version="1.0" encoding="UTF-8"?>
<testsuite xmlns:xsi="http://www.w3.org/2001/XMLSchema-instance" xsi:noNamespaceSchemaLocation="https://maven.apache.org/surefire/maven-surefire-plugin/xsd/surefire-test-report-3.0.xsd" version="3.0" name="PracticeProblemTest" time="0.102" tests="15" errors="0" skipped="0" failures="15">
  <properties>
[...]
</properties>
  <testcase name="findLastTest1" classname="PracticeProblemTest" time="0.046">
    <failure message="Method does not exist" type="org.opentest4j.AssertionFailedError">org.opentest4j.AssertionFailedError: Method does not exist
	at PracticeProblemTest.findLastTest1(PracticeProblemTest.java:110)
</failure>
    <system-err><![CDATA[Apr 03, 2025 1:36:29 PM org.junit.jupiter.engine.descriptor.DisplayNameUtils determineDisplayName
WARNING: Configuration error: @DisplayName on [void PracticeProblemTest.findLastTest1()] must be declared with a non-empty value.
Apr 03, 2025 1:36:29 PM org.junit.jupiter.engine.descriptor.DisplayNameUtils determineDisplayName
WARNING: Configuration error: @DisplayName on [void PracticeProblemTest.findLastTest2()] must be declared with a non-empty value.
Apr 03, 2025 1:36:29 PM org.junit.jupiter.engine.descriptor.DisplayNameUtils determineDisplayName
WARNING: Configuration error: @DisplayName on [void PracticeProblemTest.findLastTest3()] must be declared with a non-empty value.
Apr 03, 2025 1:36:29 PM org.junit.jupiter.engine.descriptor.DisplayNameUtils determineDisplayName
WARNING: Configuration error: @DisplayName on [void PracticeProblemTest.findLastTest4()] must be declared with a non-empty value.
Apr 03, 2025 1:36:29 PM org.junit.jupiter.engine.descriptor.DisplayNameUtils determineDisplayName
WARNING: Configuration error: @DisplayName on [void PracticeProblemTest.findLastTest5()] must be declared with a non-empty value.
Apr 03, 2025 1:36:29 PM org.junit.jupiter.engine.descriptor.DisplayNameUtils determineDisplayName
WARNING: Configuration error: @DisplayName on [void PracticeProblemTest.findTest1()] must be declared with a non-empty value.
Apr 03, 2025 1:36:29 PM org.junit.jupiter.engine.descriptor.DisplayNameUtils determineDisplayName
WARNING: Configuration error: @DisplayName on [void PracticeProblemTest.findTest2()] must be declared with a non-empty value.
Apr 03, 2025 1:36:29 PM org.junit.jupiter.engine.descriptor.DisplayNameUtils determineDisplayName
WARNING: Configuration error: @DisplayName on [void PracticeProblemTest.findTest3()] must be declared with a non-empty value.
Apr 03, 2025 1:36:29 PM org.junit.jupiter.engine.descriptor.DisplayNameUtils determineDisplayName
WARNING: Configuration error: @DisplayName on [void PracticeProblemTest.findTest4()] must be declared with a non-empty value.
Apr 03, 2025 1:36:29 PM org.junit.jupiter.engine.descriptor.DisplayNameUtils determineDisplayName
WARNING: Configuration error: @DisplayName on [void PracticeProblemTest.findTest5()] must be declared with a non-empty value.
Apr 03, 2025 1:36:29 PM org.junit.jupiter.engine.descriptor.DisplayNameUtils determineDisplayName
WARNING: Configuration error: @DisplayName on [void PracticeProblemTest.findSecondTest1()] must be declared with a non-empty value.
Apr 03, 2025 1:36:29 PM org.junit.jupiter.engine.descriptor.DisplayNameUtils determineDisplayName
WARNING: Configuration error: @DisplayName on [void PracticeProblemTest.findSecondTest2()] must be declared with a non-empty value.
Apr 03, 2025 1:36:29 PM org.junit.jupiter.engine.descriptor.DisplayNameUtils determineDisplayName
WARNING: Configuration error: @DisplayName on [void PracticeProblemTest.findSecondTest3()] must be declared with a non-empty value.
Apr 03, 2025 1:36:29 PM org.junit.jupiter.engine.descriptor.DisplayNameUtils determineDisplayName
WARNING: Configuration error: @DisplayName on [void PracticeProblemTest.findSecondTest4()] must be declared with a non-empty value.
Apr 03, 2025 1:36:29 PM org.junit.jupiter.engine.descriptor.DisplayNameUtils determineDisplayName
WARNING: Configuration error: @DisplayName on [void PracticeProblemTest.findSecondTest5()] must be declared with a non-empty value.
Apr 03, 2025 1:36:29 PM org.junit.jupiter.engine.descriptor.DisplayNameUtils determineDisplayName
WARNING: Configuration error: @DisplayName on [void PracticeProblemTest.findLastTest1()] must be declared with a non-empty value.
Apr 03, 2025 1:36:29 PM org.junit.jupiter.engine.descriptor.DisplayNameUtils determineDisplayName
WARNING: Configuration error: @DisplayName on [void PracticeProblemTest.findLastTest2()] must be declared with a non-empty value.
Apr 03, 2025 1:36:29 PM org.junit.jupiter.engine.descriptor.DisplayNameUtils determineDisplayName
WARNING: Configuration error: @DisplayName on [void PracticeProblemTest.findLastTest3()] must be declared with a non-empty value.
Apr 03, 2025 1:36:29 PM org.junit.jupiter.engine.descriptor.DisplayNameUtils determineDisplayName
WARNING: Configuration error: @DisplayName on [void PracticeProblemTest.findLastTest4()] must be declared with a non-empty value.
Apr 03, 2025 1:36:29 PM org.junit.jupiter.engine.descriptor.DisplayNameUtils determineDisplayName
WARNING: Configuration error: @DisplayName on [void PracticeProblemTest.findLastTest5()] must be declared with a non-empty value.
Apr 03, 2025 1:36:29 PM org.junit.jupiter.engine.descriptor.DisplayNameUtils determineDisplayName
WARNING: Configuration error: @DisplayName on [void PracticeProblemTest.findTest1()] must be declared with a non-empty value.
Apr 03, 2025 1:36:29 PM org.junit.jupiter.engine.descriptor.DisplayNameUtils determineDisplayName
WARNING: Configuration error: @DisplayName on [void PracticeProblemTest.findTest2()] must be declared with a non-empty value.
Apr 03, 2025 1:36:29 PM org.junit.jupiter.engine.descriptor.DisplayNameUtils determineDisplayName
WARNING: Configuration error: @DisplayName on [void PracticeProblemTest.findTest3()] must be declared with a non-empty value.
Apr 03, 2025 1:36:29 PM org.junit.jupiter.engine.descriptor.DisplayNameUtils determineDisplayName
WARNING: Configuration error: @DisplayName on [void PracticeProblemTest.findTest4()] must be declared with a non-empty value.
Apr 03, 2025 1:36:29 PM org.junit.jupiter.engine.descriptor.DisplayNameUtils determineDisplayName
WARNING: Configuration error: @DisplayName on [void PracticeProblemTest.findTest5()] must be declared with a non-empty value.
Apr 03, 2025 1:36:29 PM org.junit.jupiter.engine.descriptor.DisplayNameUtils determineDisplayName
WARNING: Configuration error: @DisplayName on [void PracticeProblemTest.findSecondTest1()] must be declared with a non-empty value.
Apr 03, 2025 1:36:29 PM org.junit.jupiter.engine.descriptor.DisplayNameUtils determineDisplayName
WARNING: Configuration error: @DisplayName on [void PracticeProblemTest.findSecondTest2()] must be declared with a non-empty value.
Apr 03, 2025 1:36:29 PM org.junit.jupiter.engine.descriptor.DisplayNameUtils determineDisplayName
WARNING: Configuration error: @DisplayName on [void PracticeProblemTest.findSecondTest3()] must be declared with a non-empty value.
Apr 03, 2025 1:36:29 PM org.junit.jupiter.engine.descriptor.DisplayNameUtils determineDisplayName
WARNING: Configuration error: @DisplayName on [void PracticeProblemTest.findSecondTest4()] must be declared with a non-empty value.
Apr 03, 2025 1:36:29 PM org.junit.jupiter.engine.descriptor.DisplayNameUtils determineDisplayName
WARNING: Configuration error: @DisplayName on [void PracticeProblemTest.findSecondTest5()] must be declared with a non-empty value.
]]></system-err>
  </testcase>
  <testcase name="findLastTest2" classname="PracticeProblemTest" time="0">
    <failure message="Method does not exist" type="org.opentest4j.AssertionFailedError">org.opentest4j.AssertionFailedError: Method does not exist
	at PracticeProblemTest.findLastTest2(PracticeProblemTest.java:128)
</failure>
  </testcase>
  <testcase name="findLastTest3" classname="PracticeProblemTest" time="0.002">
    <failure message="Method does not exist" type="org.opentest4j.AssertionFailedError">org.opentest4j.AssertionFailedError: Method does not exist
	at PracticeProblemTest.findLastTest3(PracticeProblemTest.java:146)
</failure>
  </testcase>
  <testcase name="findLastTest4" classname="PracticeProblemTest" time="0.001">
    <failure message="Method does not exist" type="org.opentest4j.AssertionFailedError">org.opentest4j.AssertionFailedError: Method does not exist
	at PracticeProblemTest.findLastTest4(PracticeProblemTest.java:164)
</failure>
  </testcase>
  <testcase name="findLastTest5" classname="PracticeProblemTest" time="0">
    <failure message="Method does not exist" type="org.opentest4j.AssertionFailedError">org.opentest4j.AssertionFailedError: Method does not exist
	at PracticeProblemTest.findLastTest5(PracticeProblemTest.java:182)
</failure>
  </testcase>
  <testcase name="findTest1" classname="PracticeProblemTest" time="0.005">
    <failure message="Method does not exist" type="org.opentest4j.AssertionFailedError">org.opentest4j.AssertionFailedError: Method does not exist
	at PracticeProblemTest.findTest1(PracticeProblemTest.java:20)
</failure>
  </testcase>
  <testcase name="findTest2" classname="PracticeProblemTest" time="0.001">
    <failure message="Method does not exist" type="org.opentest4j.AssertionFailedError">org.opentest4j.AssertionFailedError: Method does not exist
	at PracticeProblemTest.findTest2(PracticeProblemTest.java:38)
</failure>
  </testcase>
  <testcase name="findTest3" classname="PracticeProblemTest" time="0.004">
    <failure message="Method does not exist" type="org.opentest4j.AssertionFailedError">org.opentest4j.AssertionFailedError: Method does not exist
	at PracticeProblemTest.findTest3(PracticeProblemTest.java:56)
</failure>
  </testcase>
  <testcase name="findTest4" classname="PracticeProblemTest" time="0.001">
    <failure message="Method does not exist" type="org.opentest4j.AssertionFailedError">org.opentest4j.AssertionFailedError: Method does not exist
	at PracticeProblemTest.findTest4(PracticeProblemTest.java:74)
</failure>
  </testcase>
  <testcase name="findTest5" classname="PracticeProblemTest" time="0.003">
    <failure message="Method does not exist" type="org.opentest4j.AssertionFailedError">org.opentest4j.AssertionFailedError: Method does not exist
	at PracticeProblemTest.findTest5(PracticeProblemTest.java:92)
</failure>
  </testcase>
  <testcase name="findSecondTest1" classname="PracticeProblemTest" time="0.003">
    <failure message="Method does not exist" type="org.opentest4j.AssertionFailedError">org.opentest4j.AssertionFailedError: Method does not exist
	at PracticeProblemTest.findSecondTest1(PracticeProblemTest.java:200)
</failure>
  </testcase>
  <testcase name="findSecondTest2" classname="PracticeProblemTest" time="0">
    <failure message="Method does not exist" type="org.opentest4j.AssertionFailedError">org.opentest4j.AssertionFailedError: Method does not exist
	at PracticeProblemTest.findSecondTest2(PracticeProblemTest.java:218)
</failure>
  </testcase>
  <testcase name="findSecondTest3" classname="PracticeProblemTest" time="0.002">
    <failure message="Method does not exist" type="org.opentest4j.AssertionFailedError">org.opentest4j.AssertionFailedError: Method does not exist
	at PracticeProblemTest.findSecondTest3(PracticeProblemTest.java:236)
</failure>
  </testcase>
  <testcase name="findSecondTest4" classname="PracticeProblemTest" time="0">
    <failure message="Method does not exist" type="org.opentest4j.AssertionFailedError">org.opentest4j.AssertionFailedError: Method does not exist
	at PracticeProblemTest.findSecondTest4(PracticeProblemTest.java:254)
</failure>
  </testcase>
  <testcase name="findSecondTest5" classname="PracticeProblemTest" time="0.001">
    <failure message="Method does not exist" type="org.opentest4j.AssertionFailedError">org.opentest4j.AssertionFailedError: Method does not exist
	at PracticeProblemTest.findSecondTest5(PracticeProblemTest.java:272)
</failure>
  </testcase>
</testsuite>